2018-07-02 09:23:02.487092 WARN Jane connected to http://my.website_2.com/path/number/3/?query=param_2&var=foo_1 it took 7018000 s and ended up with the 403 status code user agent used was Mozilla/5.0%2520(Windows%2520NT%25206.1;%2520Win64;%2520x64)%2520AppleWebKit/537.36%2520(KHTML,%2520like%2520Gecko)%2520Chrome/67.0.3396.99%2520Safari/537.36
2018-07-02 09:23:05.491925 EMERGENCY John connected to http://my.website_2.com/path/number/3/?query=param_1&var=foo_2 it took 2693000 s and ended up with the 500 status code user agent used was Pingdom.com_bot_version_1.4_(http://www.pingdom.com/)
2018-07-02 09:23:08.497303 WARN John connected to http://my.website_2.com/path/number/3/?query=param_1&var=foo_2 it took 5513000 s and ended up with the 504 status code user agent used was Pingdom.com_bot_version_1.4_(http://www.pingdom.com/)
2018-07-02 09:23:11.503228 DEBUG John connected to http://my.website_1.com/path/number/3/?query=param_1&var=foo_2 it took 3474000 s and ended up with the 504 status code user agent used was Mozilla/5.0%2520(Windows%2520NT%25206.1;%2520Win64;%2520x64)%2520AppleWebKit/537.36%2520(KHTML,%2520like%2520Gecko)%2520Chrome/67.0.3396.99%2520Safari/537.36
2018-07-02 09:23:14.507436 EMERGENCY Bob connected to http://my.website_2.com/path/number/1/?query=param_1&var=foo_1 it took 3999000 s and ended up with the 404 status code user agent used was Mozilla/5.0 (Macintosh; Intel Mac OS X 10_13_5) AppleWebKit/605.1.15 (KHTML, like Gecko) Version/11.1.1 Safari/605.1.15
2018-07-02 09:23:17.509531 DEBUG Alice connected to http://my.website_2.com/path/number/1/?query=param_1&var=foo_1 it took 4492000 s and ended up with the 503 status code user agent used was Mozilla/5.0%2520(X11;%2520Linux%2520x86_64;%2520rv:60.0)%2520Gecko/20100101%2520Firefox/60.0
2018-07-02 09:23:20.513950 WARN Alice connected to http://my.website_2.com/path/number/3/?query=param_1&var=foo_2 it took 8379000 s and ended up with the 403 status code user agent used was Mozilla/5.0%2520(X11;%2520Linux%2520x86_64;%2520rv:60.0)%2520Gecko/20100101%2520Firefox/60.0
2018-07-02 09:23:23.519574 CRITICAL John connected to http://my.website_2.com/path/number/2/?query=param_2&var=foo_2 it took 1153000 s and ended up with the 200 status code user agent used was Pingdom.com_bot_version_1.4_(http://www.pingdom.com/)
2018-07-02 09:23:26.524762 INFO Alice connected to http://my.website_1.com/path/number/3/?query=param_2&var=foo_1 it took 8169000 s and ended up with the 504 status code user agent used was Mozilla/5.0 (Macintosh; Intel Mac OS X 10_13_5) AppleWebKit/605.1.15 (KHTML, like Gecko) Version/11.1.1 Safari/605.1.15
2018-07-02 09:23:29.529343 EMERGENCY John connected to http://my.website_1.com/path/number/3/?query=param_2&var=foo_1 it took 6228000 s and ended up with the 403 status code user agent used was Pingdom.com_bot_version_1.4_(http://www.pingdom.com/)
2018-07-02 09:23:32.534594 ERROR John connected to http://my.website_1.com/path/number/3/?query=param_2&var=foo_1 it took 8498000 s and ended up with the 401 status code user agent used was Mozilla/5.0%2520(X11;%2520Linux%2520x86_64;%2520rv:60.0)%2520Gecko/20100101%2520Firefox/60.0
2018-07-02 09:23:35.541428 ERROR Bob connected to http://my.website_2.com/path/number/3/?query=param_1&var=foo_2 it took 6780000 s and ended up with the 500 status code user agent used was Mozilla/5.0%2520(Windows%2520NT%25206.1;%2520Win64;%2520x64)%2520AppleWebKit/537.36%2520(KHTML,%2520like%2520Gecko)%2520Chrome/67.0.3396.99%2520Safari/537.36
2018-07-02 09:23:38.547005 WARN Alice connected to http://my.website_1.com/path/number/3/?query=param_1&var=foo_2 it took 5074000 s and ended up with the 401 status code user agent used was Pingdom.com_bot_version_1.4_(http://www.pingdom.com/)
2018-07-02 09:23:41.552066 CRITICAL Jane connected to http://my.website_1.com/path/number/1/?query=param_1&var=foo_1 it took 1134000 s and ended up with the 401 status code user agent used was Mozilla/5.0 (Macintosh; Intel Mac OS X 10_13_5) AppleWebKit/605.1.15 (KHTML, like Gecko) Version/11.1.1 Safari/605.1.15
2018-07-02 09:23:44.557381 WARN Jane connected to http://my.website_2.com/path/number/3/?query=param_2&var=foo_1 it took 7108000 s and ended up with the 504 status code user agent used was Mozilla/5.0%2520(Windows%2520NT%25206.1;%2520Win64;%2520x64)%2520AppleWebKit/537.36%2520(KHTML,%2520like%2520Gecko)%2520Chrome/67.0.3396.99%2520Safari/537.36
2018-07-02 09:23:47.562214 CRITICAL Bob connected to http://my.website_2.com/path/number/2/?query=param_2&var=foo_2 it took 5261000 s and ended up with the 200 status code user agent used was Pingdom.com_bot_version_1.4_(http://www.pingdom.com/)
2018-07-02 09:23:50.567821 CRITICAL Jane connected to http://my.website_1.com/path/number/1/?query=param_1&var=foo_1 it took 55000 s and ended up with the 401 status code user agent used was Pingdom.com_bot_version_1.4_(http://www.pingdom.com/)
2018-07-02 09:23:53.572262 EMERGENCY Jane connected to http://my.website_1.com/path/number/1/?query=param_1&var=foo_1 it took 2744000 s and ended up with the 504 status code user agent used was Mozilla/5.0 (Macintosh; Intel Mac OS X 10_13_5) AppleWebKit/605.1.15 (KHTML, like Gecko) Version/11.1.1 Safari/605.1.15
2018-07-02 09:23:56.577844 EMERGENCY John connected to http://my.website_1.com/path/number/3/?query=param_2&var=foo_1 it took 4093000 s and ended up with the 503 status code user agent used was Mozilla/5.0 (Macintosh; Intel Mac OS X 10_13_5) AppleWebKit/605.1.15 (KHTML, like Gecko) Version/11.1.1 Safari/605.1.15
2018-07-02 09:23:59.582775 EMERGENCY John connected to http://my.website_1.com/path/number/3/?query=param_1&var=foo_2 it took 5908000 s and ended up with the 401 status code user agent used was Mozilla/5.0%2520(X11;%2520Linux%2520x86_64;%2520rv:60.0)%2520Gecko/20100101%2520Firefox/60.0
2018-07-02 09:24:02.588151 DEBUG Alice connected to http://my.website_1.com/path/number/3/?query=param_2&var=foo_1 it took 2015000 s and ended up with the 504 status code user agent used was Mozilla/5.0%2520(X11;%2520Linux%2520x86_64;%2520rv:60.0)%2520Gecko/20100101%2520Firefox/60.0
2018-07-02 09:24:05.593013 EMERGENCY Alice connected to http://my.website_1.com/path/number/3/?query=param_1&var=foo_2 it took 1320000 s and ended up with the 500 status code user agent used was Mozilla/5.0 (Macintosh; Intel Mac OS X 10_13_5) AppleWebKit/605.1.15 (KHTML, like Gecko) Version/11.1.1 Safari/605.1.15
2018-07-02 09:24:08.596792 DEBUG Alice connected to http://my.website_2.com/path/number/1/?query=param_1&var=foo_1 it took 2933000 s and ended up with the 401 status code user agent used was Mozilla/5.0 (Macintosh; Intel Mac OS X 10_13_5) AppleWebKit/605.1.15 (KHTML, like Gecko) Version/11.1.1 Safari/605.1.15
2018-07-02 09:24:11.603008 INFO Bob connected to http://my.website_1.com/path/number/3/?query=param_1&var=foo_2 it took 1100000 s and ended up with the 500 status code user agent used was Mozilla/5.0%2520(X11;%2520Linux%2520x86_64;%2520rv:60.0)%2520Gecko/20100101%2520Firefox/60.0
2018-07-02 09:24:14.608470 CRITICAL Bob connected to http://my.website_1.com/path/number/3/?query=param_1&var=foo_2 it took 4228000 s and ended up with the 401 status code user agent used was Mozilla/5.0 (Macintosh; Intel Mac OS X 10_13_5) AppleWebKit/605.1.15 (KHTML, like Gecko) Version/11.1.1 Safari/605.1.15
2018-07-02 09:24:17.614595 ERROR Alice connected to http://my.website_1.com/path/number/2/?query=param_2&var=foo_2 it took 6545000 s and ended up with the 401 status code user agent used was Mozilla/5.0%2520(X11;%2520Linux%2520x86_64;%2520rv:60.0)%2520Gecko/20100101%2520Firefox/60.0
2018-07-02 09:24:20.622286 EMERGENCY John connected to http://my.website_1.com/path/number/3/?query=param_1&var=foo_2 it took 8821000 s and ended up with the 200 status code user agent used was Mozilla/5.0%2520(Windows%2520NT%25206.1;%2520Win64;%2520x64)%2520AppleWebKit/537.36%2520(KHTML,%2520like%2520Gecko)%2520Chrome/67.0.3396.99%2520Safari/537.36
2018-07-02 09:24:23.625467 WARN John connected to http://my.website_1.com/path/number/3/?query=param_1&var=foo_2 it took 467000 s and ended up with the 504 status code user agent used was Pingdom.com_bot_version_1.4_(http://www.pingdom.com/)
2018-07-02 09:24:26.630921 CRITICAL John connected to http://my.website_1.com/path/number/3/?query=param_2&var=foo_1 it took 6589000 s and ended up with the 401 status code user agent used was Mozilla/5.0 (Macintosh; Intel Mac OS X 10_13_5) AppleWebKit/605.1.15 (KHTML, like Gecko) Version/11.1.1 Safari/605.1.15
2018-07-02 09:24:29.636850 DEBUG Alice connected to http://my.website_2.com/path/number/1/?query=param_1&var=foo_1 it took 6600000 s and ended up with the 500 status code user agent used was Pingdom.com_bot_version_1.4_(http://www.pingdom.com/)
2018-07-02 09:24:32.642683 DEBUG John connected to http://my.website_2.com/path/number/2/?query=param_2&var=foo_2 it took 8713000 s and ended up with the 503 status code user agent used was Mozilla/5.0%2520(X11;%2520Linux%2520x86_64;%2520rv:60.0)%2520Gecko/20100101%2520Firefox/60.0
2018-07-02 09:24:35.649350 WARN Alice connected to http://my.website_1.com/path/number/2/?query=param_2&var=foo_2 it took 3930000 s and ended up with the 200 status code user agent used was Mozilla/5.0%2520(X11;%2520Linux%2520x86_64;%2520rv:60.0)%2520Gecko/20100101%2520Firefox/60.0
2018-07-02 09:24:38.653301 DEBUG Jane connected to http://my.website_2.com/path/number/3/?query=param_1&var=foo_2 it took 8693000 s and ended up with the 403 status code user agent used was Mozilla/5.0%2520(X11;%2520Linux%2520x86_64;%2520rv:60.0)%2520Gecko/20100101%2520Firefox/60.0
2018-07-02 09:24:41.659051 CRITICAL John connected to http://my.website_1.com/path/number/3/?query=param_1&var=foo_2 it took 8643000 s and ended up with the 200 status code user agent used was Mozilla/5.0%2520(X11;%2520Linux%2520x86_64;%2520rv:60.0)%2520Gecko/20100101%2520Firefox/60.0
2018-07-02 09:24:44.665726 CRITICAL Jane connected to http://my.website_2.com/path/number/3/?query=param_1&var=foo_2 it took 96000 s and ended up with the 503 status code user agent used was Pingdom.com_bot_version_1.4_(http://www.pingdom.com/)
2018-07-02 09:24:47.670573 INFO Bob connected to http://my.website_2.com/path/number/2/?query=param_2&var=foo_2 it took 1369000 s and ended up with the 200 status code user agent used was Mozilla/5.0 (Macintosh; Intel Mac OS X 10_13_5) AppleWebKit/605.1.15 (KHTML, like Gecko) Version/11.1.1 Safari/605.1.15
2018-07-02 09:24:50.677180 DEBUG Alice connected to http://my.website_1.com/path/number/2/?query=param_2&var=foo_2 it took 954000 s and ended up with the 404 status code user agent used was Mozilla/5.0%2520(Windows%2520NT%25206.1;%2520Win64;%2520x64)%2520AppleWebKit/537.36%2520(KHTML,%2520like%2520Gecko)%2520Chrome/67.0.3396.99%2520Safari/537.36
2018-07-02 09:24:53.682177 CRITICAL Jane connected to http://my.website_2.com/path/number/2/?query=param_2&var=foo_2 it took 8308000 s and ended up with the 500 status code user agent used was Mozilla/5.0%2520(X11;%2520Linux%2520x86_64;%2520rv:60.0)%2520Gecko/20100101%2520Firefox/60.0
2018-07-02 09:24:56.688560 WARN Bob connected to http://my.website_2.com/path/number/2/?query=param_2&var=foo_2 it took 6257000 s and ended up with the 500 status code user agent used was Mozilla/5.0 (Macintosh; Intel Mac OS X 10_13_5) AppleWebKit/605.1.15 (KHTML, like Gecko) Version/11.1.1 Safari/605.1.15
2018-07-02 09:24:59.694432 ERROR Jane connected to http://my.website_1.com/path/number/3/?query=param_1&var=foo_2 it took 7529000 s and ended up with the 504 status code user agent used was Mozilla/5.0%2520(Windows%2520NT%25206.1;%2520Win64;%2520x64)%2520AppleWebKit/537.36%2520(KHTML,%2520like%2520Gecko)%2520Chrome/67.0.3396.99%2520Safari/537.36
2018-07-02 09:25:02.700766 ERROR John connected to http://my.website_1.com/path/number/3/?query=param_1&var=foo_2 it took 1789000 s and ended up with the 401 status code user agent used was Pingdom.com_bot_version_1.4_(http://www.pingdom.com/)
2018-07-02 09:25:05.705736 CRITICAL Bob connected to http://my.website_1.com/path/number/3/?query=param_1&var=foo_2 it took 3247000 s and ended up with the 404 status code user agent used was Pingdom.com_bot_version_1.4_(http://www.pingdom.com/)
2018-07-02 09:25:08.710798 ERROR Alice connected to http://my.website_2.com/path/number/3/?query=param_2&var=foo_1 it took 866000 s and ended up with the 404 status code user agent used was Mozilla/5.0%2520(Windows%2520NT%25206.1;%2520Win64;%2520x64)%2520AppleWebKit/537.36%2520(KHTML,%2520like%2520Gecko)%2520Chrome/67.0.3396.99%2520Safari/537.36
2018-07-02 09:25:11.716116 CRITICAL John connected to http://my.website_2.com/path/number/3/?query=param_2&var=foo_1 it took 2561000 s and ended up with the 404 status code user agent used was Mozilla/5.0 (Macintosh; Intel Mac OS X 10_13_5) AppleWebKit/605.1.15 (KHTML, like Gecko) Version/11.1.1 Safari/605.1.15
2018-07-02 09:25:14.720376 CRITICAL Bob connected to http://my.website_2.com/path/number/3/?query=param_1&var=foo_2 it took 6052000 s and ended up with the 504 status code user agent used was Mozilla/5.0%2520(Windows%2520NT%25206.1;%2520Win64;%2520x64)%2520AppleWebKit/537.36%2520(KHTML,%2520like%2520Gecko)%2520Chrome/67.0.3396.99%2520Safari/537.36
2018-07-02 09:25:17.726293 INFO Bob connected to http://my.website_1.com/path/number/2/?query=param_2&var=foo_2 it took 936000 s and ended up with the 401 status code user agent used was Mozilla/5.0%2520(Windows%2520NT%25206.1;%2520Win64;%2520x64)%2520AppleWebKit/537.36%2520(KHTML,%2520like%2520Gecko)%2520Chrome/67.0.3396.99%2520Safari/537.36
2018-07-02 09:25:20.731587 ERROR Jane connected to http://my.website_1.com/path/number/2/?query=param_2&var=foo_2 it took 2304000 s and ended up with the 504 status code user agent used was Mozilla/5.0 (Macintosh; Intel Mac OS X 10_13_5) AppleWebKit/605.1.15 (KHTML, like Gecko) Version/11.1.1 Safari/605.1.15
2018-07-02 09:25:23.736806 CRITICAL John connected to http://my.website_1.com/path/number/1/?query=param_1&var=foo_1 it took 9444000 s and ended up with the 504 status code user agent used was Mozilla/5.0%2520(X11;%2520Linux%2520x86_64;%2520rv:60.0)%2520Gecko/20100101%2520Firefox/60.0
2018-07-02 09:25:26.741753 WARN Alice connected to http://my.website_2.com/path/number/2/?query=param_2&var=foo_2 it took 8345000 s and ended up with the 403 status code user agent used was Pingdom.com_bot_version_1.4_(http://www.pingdom.com/)
2018-07-02 09:25:29.747005 EMERGENCY Alice connected to http://my.website_1.com/path/number/3/?query=param_1&var=foo_2 it took 6131000 s and ended up with the 500 status code user agent used was Mozilla/5.0 (Macintosh; Intel Mac OS X 10_13_5) AppleWebKit/605.1.15 (KHTML, like Gecko) Version/11.1.1 Safari/605.1.15
2018-07-02 09:25:32.752759 EMERGENCY John connected to http://my.website_1.com/path/number/3/?query=param_2&var=foo_1 it took 228000 s and ended up with the 404 status code user agent used was Pingdom.com_bot_version_1.4_(http://www.pingdom.com/)
2018-07-02 09:25:35.758099 INFO Bob connected to http://my.website_1.com/path/number/2/?query=param_2&var=foo_2 it took 4444000 s and ended up with the 504 status code user agent used was Mozilla/5.0%2520(Windows%2520NT%25206.1;%2520Win64;%2520x64)%2520AppleWebKit/537.36%2520(KHTML,%2520like%2520Gecko)%2520Chrome/67.0.3396.99%2520Safari/537.36
2018-07-02 09:25:38.761424 CRITICAL Bob connected to http://my.website_2.com/path/number/1/?query=param_1&var=foo_1 it took 4325000 s and ended up with the 403 status code user agent used was Pingdom.com_bot_version_1.4_(http://www.pingdom.com/)
2018-07-02 09:25:41.764389 EMERGENCY Jane connected to http://my.website_1.com/path/number/2/?query=param_2&var=foo_2 it took 3851000 s and ended up with the 401 status code user agent used was Mozilla/5.0%2520(X11;%2520Linux%2520x86_64;%2520rv:60.0)%2520Gecko/20100101%2520Firefox/60.0
2018-07-02 09:25:44.769723 ERROR Jane connected to http://my.website_2.com/path/number/1/?query=param_1&var=foo_1 it took 9096000 s and ended up with the 401 status code user agent used was Pingdom.com_bot_version_1.4_(http://www.pingdom.com/)
2018-07-02 09:25:47.775203 CRITICAL Jane connected to http://my.website_2.com/path/number/2/?query=param_2&var=foo_2 it took 7346000 s and ended up with the 504 status code user agent used was Mozilla/5.0%2520(Windows%2520NT%25206.1;%2520Win64;%2520x64)%2520AppleWebKit/537.36%2520(KHTML,%2520like%2520Gecko)%2520Chrome/67.0.3396.99%2520Safari/537.36
2018-07-02 09:25:50.781166 ERROR Bob connected to http://my.website_1.com/path/number/1/?query=param_1&var=foo_1 it took 7398000 s and ended up with the 500 status code user agent used was Pingdom.com_bot_version_1.4_(http://www.pingdom.com/)
2018-07-02 09:25:53.785996 WARN Alice connected to http://my.website_2.com/path/number/3/?query=param_1&var=foo_2 it took 8753000 s and ended up with the 401 status code user agent used was Mozilla/5.0%2520(Windows%2520NT%25206.1;%2520Win64;%2520x64)%2520AppleWebKit/537.36%2520(KHTML,%2520like%2520Gecko)%2520Chrome/67.0.3396.99%2520Safari/537.36
2018-07-02 09:25:56.791628 CRITICAL John connected to http://my.website_1.com/path/number/2/?query=param_2&var=foo_2 it took 1764000 s and ended up with the 403 status code user agent used was Mozilla/5.0%2520(Windows%2520NT%25206.1;%2520Win64;%2520x64)%2520AppleWebKit/537.36%2520(KHTML,%2520like%2520Gecko)%2520Chrome/67.0.3396.99%2520Safari/537.36
2018-07-02 09:25:59.796579 WARN Jane connected to http://my.website_1.com/path/number/2/?query=param_2&var=foo_2 it took 5450000 s and ended up with the 401 status code user agent used was Pingdom.com_bot_version_1.4_(http://www.pingdom.com/)
2018-07-02 09:26:02.802239 EMERGENCY Alice connected to http://my.website_2.com/path/number/1/?query=param_1&var=foo_1 it took 7180000 s and ended up with the 401 status code user agent used was Mozilla/5.0%2520(X11;%2520Linux%2520x86_64;%2520rv:60.0)%2520Gecko/20100101%2520Firefox/60.0
2018-07-02 09:26:05.807338 INFO John connected to http://my.website_2.com/path/number/3/?query=param_2&var=foo_1 it took 9214000 s and ended up with the 504 status code user agent used was Mozilla/5.0%2520(Windows%2520NT%25206.1;%2520Win64;%2520x64)%2520AppleWebKit/537.36%2520(KHTML,%2520like%2520Gecko)%2520Chrome/67.0.3396.99%2520Safari/537.36
2018-07-02 09:26:08.812457 INFO Bob connected to http://my.website_2.com/path/number/1/?query=param_1&var=foo_1 it took 2871000 s and ended up with the 401 status code user agent used was Mozilla/5.0%2520(Windows%2520NT%25206.1;%2520Win64;%2520x64)%2520AppleWebKit/537.36%2520(KHTML,%2520like%2520Gecko)%2520Chrome/67.0.3396.99%2520Safari/537.36
2018-07-02 09:26:11.818090 ERROR Jane connected to http://my.website_2.com/path/number/1/?query=param_1&var=foo_1 it took 2224000 s and ended up with the 401 status code user agent used was Mozilla/5.0%2520(Windows%2520NT%25206.1;%2520Win64;%2520x64)%2520AppleWebKit/537.36%2520(KHTML,%2520like%2520Gecko)%2520Chrome/67.0.3396.99%2520Safari/537.36
2018-07-02 09:26:14.824454 CRITICAL Jane connected to http://my.website_1.com/path/number/1/?query=param_1&var=foo_1 it took 7231000 s and ended up with the 200 status code user agent used was Mozilla/5.0%2520(Windows%2520NT%25206.1;%2520Win64;%2520x64)%2520AppleWebKit/537.36%2520(KHTML,%2520like%2520Gecko)%2520Chrome/67.0.3396.99%2520Safari/537.36
2018-07-02 09:26:17.829502 EMERGENCY Jane connected to http://my.website_1.com/path/number/3/?query=param_2&var=foo_1 it took 1246000 s and ended up with the 504 status code user agent used was Mozilla/5.0%2520(X11;%2520Linux%2520x86_64;%2520rv:60.0)%2520Gecko/20100101%2520Firefox/60.0
2018-07-02 09:26:20.835067 INFO Alice connected to http://my.website_2.com/path/number/3/?query=param_2&var=foo_1 it took 5928000 s and ended up with the 403 status code user agent used was Mozilla/5.0%2520(X11;%2520Linux%2520x86_64;%2520rv:60.0)%2520Gecko/20100101%2520Firefox/60.0
2018-07-02 09:26:23.840276 WARN Jane connected to http://my.website_2.com/path/number/3/?query=param_1&var=foo_2 it took 6765000 s and ended up with the 503 status code user agent used was Mozilla/5.0 (Macintosh; Intel Mac OS X 10_13_5) AppleWebKit/605.1.15 (KHTML, like Gecko) Version/11.1.1 Safari/605.1.15
2018-07-02 09:26:26.848575 DEBUG Alice connected to http://my.website_2.com/path/number/3/?query=param_1&var=foo_2 it took 7361000 s and ended up with the 500 status code user agent used was Pingdom.com_bot_version_1.4_(http://www.pingdom.com/)
2018-07-02 09:26:29.857029 EMERGENCY John connected to http://my.website_2.com/path/number/1/?query=param_1&var=foo_1 it took 591000 s and ended up with the 200 status code user agent used was Pingdom.com_bot_version_1.4_(http://www.pingdom.com/)
2018-07-02 09:26:32.862130 WARN Bob connected to http://my.website_2.com/path/number/3/?query=param_1&var=foo_2 it took 3351000 s and ended up with the 200 status code user agent used was Mozilla/5.0 (Macintosh; Intel Mac OS X 10_13_5) AppleWebKit/605.1.15 (KHTML, like Gecko) Version/11.1.1 Safari/605.1.15
2018-07-02 09:26:35.866885 INFO Bob connected to http://my.website_2.com/path/number/2/?query=param_2&var=foo_2 it took 532000 s and ended up with the 401 status code user agent used was Pingdom.com_bot_version_1.4_(http://www.pingdom.com/)
2018-07-02 09:26:38.872257 ERROR Alice connected to http://my.website_1.com/path/number/3/?query=param_2&var=foo_1 it took 4694000 s and ended up with the 504 status code user agent used was Mozilla/5.0%2520(Windows%2520NT%25206.1;%2520Win64;%2520x64)%2520AppleWebKit/537.36%2520(KHTML,%2520like%2520Gecko)%2520Chrome/67.0.3396.99%2520Safari/537.36
2018-07-02 09:26:41.877796 EMERGENCY John connected to http://my.website_1.com/path/number/1/?query=param_1&var=foo_1 it took 2223000 s and ended up with the 500 status code user agent used was Mozilla/5.0%2520(X11;%2520Linux%2520x86_64;%2520rv:60.0)%2520Gecko/20100101%2520Firefox/60.0
2018-07-02 09:26:44.883154 WARN John connected to http://my.website_2.com/path/number/1/?query=param_1&var=foo_1 it took 3646000 s and ended up with the 404 status code user agent used was Pingdom.com_bot_version_1.4_(http://www.pingdom.com/)
2018-07-02 09:26:47.888074 DEBUG Bob connected to http://my.website_1.com/path/number/3/?query=param_2&var=foo_1 it took 748000 s and ended up with the 403 status code user agent used was Mozilla/5.0 (Macintosh; Intel Mac OS X 10_13_5) AppleWebKit/605.1.15 (KHTML, like Gecko) Version/11.1.1 Safari/605.1.15
2018-07-02 09:26:50.894950 CRITICAL Bob connected to http://my.website_2.com/path/number/1/?query=param_1&var=foo_1 it took 1722000 s and ended up with the 404 status code user agent used was Mozilla/5.0 (Macintosh; Intel Mac OS X 10_13_5) AppleWebKit/605.1.15 (KHTML, like Gecko) Version/11.1.1 Safari/605.1.15
2018-07-02 09:26:53.897302 CRITICAL Alice connected to http://my.website_2.com/path/number/2/?query=param_2&var=foo_2 it took 6071000 s and ended up with the 503 status code user agent used was Mozilla/5.0%2520(X11;%2520Linux%2520x86_64;%2520rv:60.0)%2520Gecko/20100101%2520Firefox/60.0
2018-07-02 09:26:56.902755 CRITICAL Bob connected to http://my.website_2.com/path/number/3/?query=param_2&var=foo_1 it took 8959000 s and ended up with the 503 status code user agent used was Mozilla/5.0 (Macintosh; Intel Mac OS X 10_13_5) AppleWebKit/605.1.15 (KHTML, like Gecko) Version/11.1.1 Safari/605.1.15
2018-07-02 09:26:59.909162 ERROR Jane connected to http://my.website_1.com/path/number/3/?query=param_2&var=foo_1 it took 3711000 s and ended up with the 403 status code user agent used was Mozilla/5.0 (Macintosh; Intel Mac OS X 10_13_5) AppleWebKit/605.1.15 (KHTML, like Gecko) Version/11.1.1 Safari/605.1.15
2018-07-02 09:27:02.914082 INFO Jane connected to http://my.website_1.com/path/number/2/?query=param_2&var=foo_2 it took 7322000 s and ended up with the 401 status code user agent used was Mozilla/5.0%2520(Windows%2520NT%25206.1;%2520Win64;%2520x64)%2520AppleWebKit/537.36%2520(KHTML,%2520like%2520Gecko)%2520Chrome/67.0.3396.99%2520Safari/537.36
2018-07-02 09:27:05.917385 ERROR Alice connected to http://my.website_2.com/path/number/1/?query=param_1&var=foo_1 it took 3687000 s and ended up with the 401 status code user agent used was Mozilla/5.0%2520(X11;%2520Linux%2520x86_64;%2520rv:60.0)%2520Gecko/20100101%2520Firefox/60.0
2018-07-02 09:27:08.921539 ERROR Bob connected to http://my.website_1.com/path/number/1/?query=param_1&var=foo_1 it took 8953000 s and ended up with the 504 status code user agent used was Mozilla/5.0 (Macintosh; Intel Mac OS X 10_13_5) AppleWebKit/605.1.15 (KHTML, like Gecko) Version/11.1.1 Safari/605.1.15
2018-07-02 09:27:11.926691 EMERGENCY Bob connected to http://my.website_2.com/path/number/3/?query=param_1&var=foo_2 it took 7414000 s and ended up with the 404 status code user agent used was Mozilla/5.0%2520(Windows%2520NT%25206.1;%2520Win64;%2520x64)%2520AppleWebKit/537.36%2520(KHTML,%2520like%2520Gecko)%2520Chrome/67.0.3396.99%2520Safari/537.36
2018-07-02 09:27:14.932464 INFO Jane connected to http://my.website_1.com/path/number/1/?query=param_1&var=foo_1 it took 9496000 s and ended up with the 504 status code user agent used was Mozilla/5.0 (Macintosh; Intel Mac OS X 10_13_5) AppleWebKit/605.1.15 (KHTML, like Gecko) Version/11.1.1 Safari/605.1.15
2018-07-02 09:27:17.937461 CRITICAL Bob connected to http://my.website_2.com/path/number/3/?query=param_2&var=foo_1 it took 17000 s and ended up with the 404 status code user agent used was Mozilla/5.0%2520(Windows%2520NT%25206.1;%2520Win64;%2520x64)%2520AppleWebKit/537.36%2520(KHTML,%2520like%2520Gecko)%2520Chrome/67.0.3396.99%2520Safari/537.36
2018-07-02 09:27:20.944056 CRITICAL Bob connected to http://my.website_2.com/path/number/3/?query=param_2&var=foo_1 it took 2676000 s and ended up with the 503 status code user agent used was Mozilla/5.0 (Macintosh; Intel Mac OS X 10_13_5) AppleWebKit/605.1.15 (KHTML, like Gecko) Version/11.1.1 Safari/605.1.15
2018-07-02 09:27:23.949377 INFO Bob connected to http://my.website_2.com/path/number/3/?query=param_1&var=foo_2 it took 5418000 s and ended up with the 404 status code user agent used was Pingdom.com_bot_version_1.4_(http://www.pingdom.com/)
2018-07-02 09:27:26.951381 DEBUG Alice connected to http://my.website_1.com/path/number/1/?query=param_1&var=foo_1 it took 2009000 s and ended up with the 504 status code user agent used was Mozilla/5.0%2520(X11;%2520Linux%2520x86_64;%2520rv:60.0)%2520Gecko/20100101%2520Firefox/60.0
2018-07-02 09:27:29.957128 DEBUG Alice connected to http://my.website_1.com/path/number/3/?query=param_2&var=foo_1 it took 502000 s and ended up with the 401 status code user agent used was Pingdom.com_bot_version_1.4_(http://www.pingdom.com/)
2018-07-02 09:27:32.961686 DEBUG Jane connected to http://my.website_2.com/path/number/3/?query=param_1&var=foo_2 it took 9877000 s and ended up with the 404 status code user agent used was Mozilla/5.0 (Macintosh; Intel Mac OS X 10_13_5) AppleWebKit/605.1.15 (KHTML, like Gecko) Version/11.1.1 Safari/605.1.15
2018-07-02 09:27:35.967688 CRITICAL Bob connected to http://my.website_1.com/path/number/2/?query=param_2&var=foo_2 it took 1032000 s and ended up with the 404 status code user agent used was Mozilla/5.0 (Macintosh; Intel Mac OS X 10_13_5) AppleWebKit/605.1.15 (KHTML, like Gecko) Version/11.1.1 Safari/605.1.15
2018-07-02 09:27:38.969592 DEBUG Alice connected to http://my.website_1.com/path/number/3/?query=param_1&var=foo_2 it took 9969000 s and ended up with the 504 status code user agent used was Mozilla/5.0 (Macintosh; Intel Mac OS X 10_13_5) AppleWebKit/605.1.15 (KHTML, like Gecko) Version/11.1.1 Safari/605.1.15
2018-07-02 09:27:41.974380 ERROR Alice connected to http://my.website_1.com/path/number/3/?query=param_2&var=foo_1 it took 1078000 s and ended up with the 401 status code user agent used was Mozilla/5.0%2520(Windows%2520NT%25206.1;%2520Win64;%2520x64)%2520AppleWebKit/537.36%2520(KHTML,%2520like%2520Gecko)%2520Chrome/67.0.3396.99%2520Safari/537.36
2018-07-02 09:27:44.979753 ERROR Jane connected to http://my.website_2.com/path/number/1/?query=param_1&var=foo_1 it took 1203000 s and ended up with the 403 status code user agent used was Mozilla/5.0%2520(Windows%2520NT%25206.1;%2520Win64;%2520x64)%2520AppleWebKit/537.36%2520(KHTML,%2520like%2520Gecko)%2520Chrome/67.0.3396.99%2520Safari/537.36
2018-07-02 09:27:47.984939 EMERGENCY Bob connected to http://my.website_2.com/path/number/3/?query=param_2&var=foo_1 it took 2961000 s and ended up with the 503 status code user agent used was Mozilla/5.0 (Macintosh; Intel Mac OS X 10_13_5) AppleWebKit/605.1.15 (KHTML, like Gecko) Version/11.1.1 Safari/605.1.15
2018-07-02 09:27:50.990393 WARN John connected to http://my.website_1.com/path/number/1/?query=param_1&var=foo_1 it took 9467000 s and ended up with the 503 status code user agent used was Mozilla/5.0%2520(X11;%2520Linux%2520x86_64;%2520rv:60.0)%2520Gecko/20100101%2520Firefox/60.0
2018-07-02 09:27:53.994537 EMERGENCY Jane connected to http://my.website_1.com/path/number/3/?query=param_2&var=foo_1 it took 2369000 s and ended up with the 504 status code user agent used was Mozilla/5.0 (Macintosh; Intel Mac OS X 10_13_5) AppleWebKit/605.1.15 (KHTML, like Gecko) Version/11.1.1 Safari/605.1.15
2018-07-02 09:27:56.997514 CRITICAL John connected to http://my.website_2.com/path/number/2/?query=param_2&var=foo_2 it took 2125000 s and ended up with the 500 status code user agent used was Mozilla/5.0%2520(Windows%2520NT%25206.1;%2520Win64;%2520x64)%2520AppleWebKit/537.36%2520(KHTML,%2520like%2520Gecko)%2520Chrome/67.0.3396.99%2520Safari/537.36
2018-07-02 09:28:00.000990 WARN Jane connected to http://my.website_2.com/path/number/3/?query=param_1&var=foo_2 it took 5377000 s and ended up with the 401 status code user agent used was Mozilla/5.0 (Macintosh; Intel Mac OS X 10_13_5) AppleWebKit/605.1.15 (KHTML, like Gecko) Version/11.1.1 Safari/605.1.15
2018-07-02 09:28:03.005209 EMERGENCY John connected to http://my.website_2.com/path/number/3/?query=param_2&var=foo_1 it took 2268000 s and ended up with the 500 status code user agent used was Mozilla/5.0%2520(X11;%2520Linux%2520x86_64;%2520rv:60.0)%2520Gecko/20100101%2520Firefox/60.0
2018-07-02 09:28:06.008609 WARN Alice connected to http://my.website_2.com/path/number/3/?query=param_2&var=foo_1 it took 661000 s and ended up with the 504 status code user agent used was Mozilla/5.0%2520(Windows%2520NT%25206.1;%2520Win64;%2520x64)%2520AppleWebKit/537.36%2520(KHTML,%2520like%2520Gecko)%2520Chrome/67.0.3396.99%2520Safari/537.36
2018-07-02 09:28:09.012183 DEBUG Bob connected to http://my.website_2.com/path/number/1/?query=param_1&var=foo_1 it took 7934000 s and ended up with the 504 status code user agent used was Mozilla/5.0%2520(Windows%2520NT%25206.1;%2520Win64;%2520x64)%2520AppleWebKit/537.36%2520(KHTML,%2520like%2520Gecko)%2520Chrome/67.0.3396.99%2520Safari/537.36
2018-07-02 09:28:12.015633 EMERGENCY Alice connected to http://my.website_1.com/path/number/3/?query=param_1&var=foo_2 it took 6577000 s and ended up with the 500 status code user agent used was Mozilla/5.0%2520(X11;%2520Linux%2520x86_64;%2520rv:60.0)%2520Gecko/20100101%2520Firefox/60.0
2018-07-02 09:28:15.017835 WARN Alice connected to http://my.website_1.com/path/number/1/?query=param_1&var=foo_1 it took 7187000 s and ended up with the 504 status code user agent used was Mozilla/5.0%2520(Windows%2520NT%25206.1;%2520Win64;%2520x64)%2520AppleWebKit/537.36%2520(KHTML,%2520like%2520Gecko)%2520Chrome/67.0.3396.99%2520Safari/537.36
2018-07-02 09:28:18.021493 INFO Alice connected to http://my.website_2.com/path/number/3/?query=param_2&var=foo_1 it took 6325000 s and ended up with the 403 status code user agent used was Mozilla/5.0%2520(X11;%2520Linux%2520x86_64;%2520rv:60.0)%2520Gecko/20100101%2520Firefox/60.0
2018-07-02 09:28:21.025529 DEBUG Alice connected to http://my.website_1.com/path/number/2/?query=param_2&var=foo_2 it took 4925000 s and ended up with the 403 status code user agent used was Mozilla/5.0%2520(Windows%2520NT%25206.1;%2520Win64;%2520x64)%2520AppleWebKit/537.36%2520(KHTML,%2520like%2520Gecko)%2520Chrome/67.0.3396.99%2520Safari/537.36
2018-07-02 09:28:24.029353 EMERGENCY Bob connected to http://my.website_2.com/path/number/1/?query=param_1&var=foo_1 it took 6969000 s and ended up with the 403 status code user agent used was Pingdom.com_bot_version_1.4_(http://www.pingdom.com/)
2018-07-02 09:28:27.033164 WARN Bob connected to http://my.website_1.com/path/number/3/?query=param_2&var=foo_1 it took 9974000 s and ended up with the 403 status code user agent used was Mozilla/5.0%2520(Windows%2520NT%25206.1;%2520Win64;%2520x64)%2520AppleWebKit/537.36%2520(KHTML,%2520like%2520Gecko)%2520Chrome/67.0.3396.99%2520Safari/537.36
2018-07-02 09:28:30.036732 EMERGENCY John connected to http://my.website_1.com/path/number/3/?query=param_2&var=foo_1 it took 5530000 s and ended up with the 404 status code user agent used was Pingdom.com_bot_version_1.4_(http://www.pingdom.com/)
2018-07-02 09:28:33.040083 INFO Jane connected to http://my.website_1.com/path/number/3/?query=param_2&var=foo_1 it took 5844000 s and ended up with the 503 status code user agent used was Pingdom.com_bot_version_1.4_(http://www.pingdom.com/)
2018-07-02 09:28:36.042097 CRITICAL Alice connected to http://my.website_1.com/path/number/1/?query=param_1&var=foo_1 it took 5685000 s and ended up with the 503 status code user agent used was Pingdom.com_bot_version_1.4_(http://www.pingdom.com/)
2018-07-02 09:28:39.045423 ERROR Jane connected to http://my.website_1.com/path/number/2/?query=param_2&var=foo_2 it took 9402000 s and ended up with the 503 status code user agent used was Mozilla/5.0%2520(Windows%2520NT%25206.1;%2520Win64;%2520x64)%2520AppleWebKit/537.36%2520(KHTML,%2520like%2520Gecko)%2520Chrome/67.0.3396.99%2520Safari/537.36
2018-07-02 09:28:42.049249 EMERGENCY Bob connected to http://my.website_2.com/path/number/3/?query=param_2&var=foo_1 it took 3136000 s and ended up with the 403 status code user agent used was Mozilla/5.0 (Macintosh; Intel Mac OS X 10_13_5) AppleWebKit/605.1.15 (KHTML, like Gecko) Version/11.1.1 Safari/605.1.15
2018-07-02 09:28:45.057058 EMERGENCY Jane connected to http://my.website_1.com/path/number/2/?query=param_2&var=foo_2 it took 9820000 s and ended up with the 504 status code user agent used was Pingdom.com_bot_version_1.4_(http://www.pingdom.com/)
2018-07-02 09:28:48.061048 CRITICAL Bob connected to http://my.website_2.com/path/number/1/?query=param_1&var=foo_1 it took 9247000 s and ended up with the 200 status code user agent used was Pingdom.com_bot_version_1.4_(http://www.pingdom.com/)
2018-07-02 09:28:51.065371 WARN Bob connected to http://my.website_2.com/path/number/3/?query=param_2&var=foo_1 it took 4807000 s and ended up with the 404 status code user agent used was Pingdom.com_bot_version_1.4_(http://www.pingdom.com/)
2018-07-02 09:28:54.069161 CRITICAL Alice connected to http://my.website_1.com/path/number/3/?query=param_1&var=foo_2 it took 3526000 s and ended up with the 504 status code user agent used was Mozilla/5.0%2520(X11;%2520Linux%2520x86_64;%2520rv:60.0)%2520Gecko/20100101%2520Firefox/60.0
2018-07-02 09:28:57.073438 CRITICAL Alice connected to http://my.website_2.com/path/number/3/?query=param_2&var=foo_1 it took 4509000 s and ended up with the 503 status code user agent used was Mozilla/5.0 (Macintosh; Intel Mac OS X 10_13_5) AppleWebKit/605.1.15 (KHTML, like Gecko) Version/11.1.1 Safari/605.1.15
2018-07-02 09:29:00.077679 INFO Jane connected to http://my.website_2.com/path/number/3/?query=param_1&var=foo_2 it took 6525000 s and ended up with the 200 status code user agent used was Mozilla/5.0 (Macintosh; Intel Mac OS X 10_13_5) AppleWebKit/605.1.15 (KHTML, like Gecko) Version/11.1.1 Safari/605.1.15
2018-07-02 09:29:03.081494 INFO Alice connected to http://my.website_2.com/path/number/1/?query=param_1&var=foo_1 it took 6575000 s and ended up with the 504 status code user agent used was Mozilla/5.0%2520(X11;%2520Linux%2520x86_64;%2520rv:60.0)%2520Gecko/20100101%2520Firefox/60.0
2018-07-02 09:29:06.085574 INFO John connected to http://my.website_2.com/path/number/1/?query=param_1&var=foo_1 it took 2964000 s and ended up with the 503 status code user agent used was Mozilla/5.0%2520(Windows%2520NT%25206.1;%2520Win64;%2520x64)%2520AppleWebKit/537.36%2520(KHTML,%2520like%2520Gecko)%2520Chrome/67.0.3396.99%2520Safari/537.36
2018-07-02 09:29:09.092814 WARN John connected to http://my.website_1.com/path/number/3/?query=param_1&var=foo_2 it took 3078000 s and ended up with the 504 status code user agent used was Mozilla/5.0 (Macintosh; Intel Mac OS X 10_13_5) AppleWebKit/605.1.15 (KHTML, like Gecko) Version/11.1.1 Safari/605.1.15
2018-07-02 09:29:12.098047 DEBUG Bob connected to http://my.website_1.com/path/number/3/?query=param_2&var=foo_1 it took 123000 s and ended up with the 404 status code user agent used was Mozilla/5.0%2520(X11;%2520Linux%2520x86_64;%2520rv:60.0)%2520Gecko/20100101%2520Firefox/60.0
2018-07-02 09:29:15.103417 CRITICAL Bob connected to http://my.website_2.com/path/number/3/?query=param_1&var=foo_2 it took 6470000 s and ended up with the 404 status code user agent used was Mozilla/5.0%2520(Windows%2520NT%25206.1;%2520Win64;%2520x64)%2520AppleWebKit/537.36%2520(KHTML,%2520like%2520Gecko)%2520Chrome/67.0.3396.99%2520Safari/537.36
2018-07-02 09:29:18.109201 DEBUG John connected to http://my.website_2.com/path/number/2/?query=param_2&var=foo_2 it took 6660000 s and ended up with the 401 status code user agent used was Pingdom.com_bot_version_1.4_(http://www.pingdom.com/)
2018-07-02 09:29:21.114511 WARN John connected to http://my.website_2.com/path/number/1/?query=param_1&var=foo_1 it took 2138000 s and ended up with the 504 status code user agent used was Pingdom.com_bot_version_1.4_(http://www.pingdom.com/)
2018-07-02 09:29:24.119047 EMERGENCY Alice connected to http://my.website_2.com/path/number/1/?query=param_1&var=foo_1 it took 9435000 s and ended up with the 200 status code user agent used was Mozilla/5.0%2520(Windows%2520NT%25206.1;%2520Win64;%2520x64)%2520AppleWebKit/537.36%2520(KHTML,%2520like%2520Gecko)%2520Chrome/67.0.3396.99%2520Safari/537.36
2018-07-02 09:29:27.126291 ERROR John connected to http://my.website_1.com/path/number/3/?query=param_1&var=foo_2 it took 5845000 s and ended up with the 200 status code user agent used was Mozilla/5.0%2520(Windows%2520NT%25206.1;%2520Win64;%2520x64)%2520AppleWebKit/537.36%2520(KHTML,%2520like%2520Gecko)%2520Chrome/67.0.3396.99%2520Safari/537.36
2018-07-02 09:29:30.130450 EMERGENCY Bob connected to http://my.website_2.com/path/number/2/?query=param_2&var=foo_2 it took 8775000 s and ended up with the 504 status code user agent used was Mozilla/5.0%2520(Windows%2520NT%25206.1;%2520Win64;%2520x64)%2520AppleWebKit/537.36%2520(KHTML,%2520like%2520Gecko)%2520Chrome/67.0.3396.99%2520Safari/537.36
2018-07-02 09:29:33.136307 WARN John connected to http://my.website_2.com/path/number/1/?query=param_1&var=foo_1 it took 7745000 s and ended up with the 401 status code user agent used was Mozilla/5.0 (Macintosh; Intel Mac OS X 10_13_5) AppleWebKit/605.1.15 (KHTML, like Gecko) Version/11.1.1 Safari/605.1.15
2018-07-02 09:29:36.140936 EMERGENCY John connected to http://my.website_2.com/path/number/1/?query=param_1&var=foo_1 it took 2821000 s and ended up with the 504 status code user agent used was Pingdom.com_bot_version_1.4_(http://www.pingdom.com/)
2018-07-02 09:29:39.148954 ERROR Bob connected to http://my.website_1.com/path/number/3/?query=param_2&var=foo_1 it took 4328000 s and ended up with the 504 status code user agent used was Mozilla/5.0%2520(Windows%2520NT%25206.1;%2520Win64;%2520x64)%2520AppleWebKit/537.36%2520(KHTML,%2520like%2520Gecko)%2520Chrome/67.0.3396.99%2520Safari/537.36
2018-07-02 09:29:42.153795 INFO John connected to http://my.website_2.com/path/number/1/?query=param_1&var=foo_1 it took 7806000 s and ended up with the 500 status code user agent used was Pingdom.com_bot_version_1.4_(http://www.pingdom.com/)
2018-07-02 09:29:45.157103 ERROR Alice connected to http://my.website_2.com/path/number/3/?query=param_1&var=foo_2 it took 3529000 s and ended up with the 404 status code user agent used was Mozilla/5.0 (Macintosh; Intel Mac OS X 10_13_5) AppleWebKit/605.1.15 (KHTML, like Gecko) Version/11.1.1 Safari/605.1.15
2018-07-02 09:29:48.163308 WARN Alice connected to http://my.website_2.com/path/number/3/?query=param_2&var=foo_1 it took 5800000 s and ended up with the 403 status code user agent used was Mozilla/5.0 (Macintosh; Intel Mac OS X 10_13_5) AppleWebKit/605.1.15 (KHTML, like Gecko) Version/11.1.1 Safari/605.1.15
2018-07-02 09:29:51.165200 EMERGENCY Jane connected to http://my.website_1.com/path/number/2/?query=param_2&var=foo_2 it took 254000 s and ended up with the 401 status code user agent used was Pingdom.com_bot_version_1.4_(http://www.pingdom.com/)
2018-07-02 09:29:54.169536 WARN Alice connected to http://my.website_2.com/path/number/3/?query=param_2&var=foo_1 it took 6538000 s and ended up with the 401 status code user agent used was Mozilla/5.0%2520(Windows%2520NT%25206.1;%2520Win64;%2520x64)%2520AppleWebKit/537.36%2520(KHTML,%2520like%2520Gecko)%2520Chrome/67.0.3396.99%2520Safari/537.36
2018-07-02 09:29:57.175073 CRITICAL John connected to http://my.website_1.com/path/number/1/?query=param_1&var=foo_1 it took 89000 s and ended up with the 500 status code user agent used was Mozilla/5.0 (Macintosh; Intel Mac OS X 10_13_5) AppleWebKit/605.1.15 (KHTML, like Gecko) Version/11.1.1 Safari/605.1.15
2018-07-02 09:30:00.180610 INFO Jane connected to http://my.website_1.com/path/number/2/?query=param_2&var=foo_2 it took 8844000 s and ended up with the 503 status code user agent used was Pingdom.com_bot_version_1.4_(http://www.pingdom.com/)
2018-07-02 09:30:03.187421 INFO John connected to http://my.website_2.com/path/number/3/?query=param_2&var=foo_1 it took 7604000 s and ended up with the 500 status code user agent used was Mozilla/5.0 (Macintosh; Intel Mac OS X 10_13_5) AppleWebKit/605.1.15 (KHTML, like Gecko) Version/11.1.1 Safari/605.1.15
2018-07-02 09:30:06.192677 CRITICAL Bob connected to http://my.website_1.com/path/number/3/?query=param_2&var=foo_1 it took 9284000 s and ended up with the 504 status code user agent used was Mozilla/5.0 (Macintosh; Intel Mac OS X 10_13_5) AppleWebKit/605.1.15 (KHTML, like Gecko) Version/11.1.1 Safari/605.1.15
2018-07-02 09:30:09.198292 CRITICAL Jane connected to http://my.website_2.com/path/number/1/?query=param_1&var=foo_1 it took 6852000 s and ended up with the 503 status code user agent used was Pingdom.com_bot_version_1.4_(http://www.pingdom.com/)
2018-07-02 09:30:12.204077 DEBUG John connected to http://my.website_1.com/path/number/2/?query=param_2&var=foo_2 it took 9101000 s and ended up with the 500 status code user agent used was Mozilla/5.0 (Macintosh; Intel Mac OS X 10_13_5) AppleWebKit/605.1.15 (KHTML, like Gecko) Version/11.1.1 Safari/605.1.15
2018-07-02 09:30:15.208805 INFO John connected to http://my.website_2.com/path/number/3/?query=param_2&var=foo_1 it took 9252000 s and ended up with the 200 status code user agent used was Mozilla/5.0%2520(Windows%2520NT%25206.1;%2520Win64;%2520x64)%2520AppleWebKit/537.36%2520(KHTML,%2520like%2520Gecko)%2520Chrome/67.0.3396.99%2520Safari/537.36
2018-07-02 09:30:18.213687 CRITICAL John connected to http://my.website_2.com/path/number/3/?query=param_1&var=foo_2 it took 554000 s and ended up with the 200 status code user agent used was Mozilla/5.0%2520(X11;%2520Linux%2520x86_64;%2520rv:60.0)%2520Gecko/20100101%2520Firefox/60.0
2018-07-02 09:30:21.218801 DEBUG Jane connected to http://my.website_1.com/path/number/3/?query=param_2&var=foo_1 it took 7619000 s and ended up with the 503 status code user agent used was Pingdom.com_bot_version_1.4_(http://www.pingdom.com/)
2018-07-02 09:30:24.222558 CRITICAL John connected to http://my.website_1.com/path/number/1/?query=param_1&var=foo_1 it took 1190000 s and ended up with the 500 status code user agent used was Mozilla/5.0%2520(Windows%2520NT%25206.1;%2520Win64;%2520x64)%2520AppleWebKit/537.36%2520(KHTML,%2520like%2520Gecko)%2520Chrome/67.0.3396.99%2520Safari/537.36
2018-07-02 09:30:27.227539 EMERGENCY Bob connected to http://my.website_1.com/path/number/3/?query=param_2&var=foo_1 it took 3207000 s and ended up with the 504 status code user agent used was Pingdom.com_bot_version_1.4_(http://www.pingdom.com/)
2018-07-02 09:30:30.233351 DEBUG Jane connected to http://my.website_1.com/path/number/1/?query=param_1&var=foo_1 it took 5483000 s and ended up with the 500 status code user agent used was Mozilla/5.0 (Macintosh; Intel Mac OS X 10_13_5) AppleWebKit/605.1.15 (KHTML, like Gecko) Version/11.1.1 Safari/605.1.15
2018-07-02 09:30:33.238689 INFO Alice connected to http://my.website_2.com/path/number/1/?query=param_1&var=foo_1 it took 9228000 s and ended up with the 403 status code user agent used was Mozilla/5.0%2520(Windows%2520NT%25206.1;%2520Win64;%2520x64)%2520AppleWebKit/537.36%2520(KHTML,%2520like%2520Gecko)%2520Chrome/67.0.3396.99%2520Safari/537.36
2018-07-02 09:30:36.244550 ERROR Jane connected to http://my.website_2.com/path/number/1/?query=param_1&var=foo_1 it took 7828000 s and ended up with the 403 status code user agent used was Mozilla/5.0%2520(Windows%2520NT%25206.1;%2520Win64;%2520x64)%2520AppleWebKit/537.36%2520(KHTML,%2520like%2520Gecko)%2520Chrome/67.0.3396.99%2520Safari/537.36
2018-07-02 09:30:39.249229 ERROR John connected to http://my.website_1.com/path/number/3/?query=param_2&var=foo_1 it took 6327000 s and ended up with the 500 status code user agent used was Mozilla/5.0%2520(X11;%2520Linux%2520x86_64;%2520rv:60.0)%2520Gecko/20100101%2520Firefox/60.0
2018-07-02 09:30:42.254296 EMERGENCY John connected to http://my.website_2.com/path/number/3/?query=param_2&var=foo_1 it took 6220000 s and ended up with the 401 status code user agent used was Mozilla/5.0 (Macintosh; Intel Mac OS X 10_13_5) AppleWebKit/605.1.15 (KHTML, like Gecko) Version/11.1.1 Safari/605.1.15
2018-07-02 09:30:45.261483 ERROR Bob connected to http://my.website_1.com/path/number/1/?query=param_1&var=foo_1 it took 4941000 s and ended up with the 503 status code user agent used was Mozilla/5.0 (Macintosh; Intel Mac OS X 10_13_5) AppleWebKit/605.1.15 (KHTML, like Gecko) Version/11.1.1 Safari/605.1.15
2018-07-02 09:30:48.265460 DEBUG Alice connected to http://my.website_1.com/path/number/3/?query=param_2&var=foo_1 it took 6480000 s and ended up with the 200 status code user agent used was Mozilla/5.0%2520(X11;%2520Linux%2520x86_64;%2520rv:60.0)%2520Gecko/20100101%2520Firefox/60.0
2018-07-02 09:30:51.268084 ERROR Alice connected to http://my.website_1.com/path/number/3/?query=param_1&var=foo_2 it took 4065000 s and ended up with the 200 status code user agent used was Mozilla/5.0%2520(X11;%2520Linux%2520x86_64;%2520rv:60.0)%2520Gecko/20100101%2520Firefox/60.0
2018-07-02 09:30:54.273125 ERROR Jane connected to http://my.website_1.com/path/number/1/?query=param_1&var=foo_1 it took 7302000 s and ended up with the 403 status code user agent used was Pingdom.com_bot_version_1.4_(http://www.pingdom.com/)
2018-07-02 09:30:57.277131 CRITICAL Bob connected to http://my.website_1.com/path/number/3/?query=param_1&var=foo_2 it took 3102000 s and ended up with the 404 status code user agent used was Mozilla/5.0%2520(Windows%2520NT%25206.1;%2520Win64;%2520x64)%2520AppleWebKit/537.36%2520(KHTML,%2520like%2520Gecko)%2520Chrome/67.0.3396.99%2520Safari/537.36
2018-07-02 09:31:00.279194 WARN John connected to http://my.website_2.com/path/number/3/?query=param_1&var=foo_2 it took 7471000 s and ended up with the 403 status code user agent used was Pingdom.com_bot_version_1.4_(http://www.pingdom.com/)
2018-07-02 09:31:03.281267 INFO Jane connected to http://my.website_1.com/path/number/3/?query=param_1&var=foo_2 it took 8910000 s and ended up with the 503 status code user agent used was Mozilla/5.0%2520(Windows%2520NT%25206.1;%2520Win64;%2520x64)%2520AppleWebKit/537.36%2520(KHTML,%2520like%2520Gecko)%2520Chrome/67.0.3396.99%2520Safari/537.36
2018-07-02 09:31:06.285148 DEBUG Alice connected to http://my.website_1.com/path/number/2/?query=param_2&var=foo_2 it took 5121000 s and ended up with the 403 status code user agent used was Mozilla/5.0%2520(Windows%2520NT%25206.1;%2520Win64;%2520x64)%2520AppleWebKit/537.36%2520(KHTML,%2520like%2520Gecko)%2520Chrome/67.0.3396.99%2520Safari/537.36
2018-07-02 09:31:09.289109 CRITICAL Jane connected to http://my.website_1.com/path/number/3/?query=param_2&var=foo_1 it took 5726000 s and ended up with the 504 status code user agent used was Mozilla/5.0%2520(Windows%2520NT%25206.1;%2520Win64;%2520x64)%2520AppleWebKit/537.36%2520(KHTML,%2520like%2520Gecko)%2520Chrome/67.0.3396.99%2520Safari/537.36
2018-07-02 09:31:12.293335 EMERGENCY Jane connected to http://my.website_2.com/path/number/3/?query=param_2&var=foo_1 it took 519000 s and ended up with the 404 status code user agent used was Mozilla/5.0%2520(Windows%2520NT%25206.1;%2520Win64;%2520x64)%2520AppleWebKit/537.36%2520(KHTML,%2520like%2520Gecko)%2520Chrome/67.0.3396.99%2520Safari/537.36
2018-07-02 09:31:15.297190 CRITICAL Alice connected to http://my.website_1.com/path/number/1/?query=param_1&var=foo_1 it took 9804000 s and ended up with the 401 status code user agent used was Mozilla/5.0%2520(Windows%2520NT%25206.1;%2520Win64;%2520x64)%2520AppleWebKit/537.36%2520(KHTML,%2520like%2520Gecko)%2520Chrome/67.0.3396.99%2520Safari/537.36
2018-07-02 09:31:18.303382 INFO Alice connected to http://my.website_2.com/path/number/2/?query=param_2&var=foo_2 it took 908000 s and ended up with the 200 status code user agent used was Mozilla/5.0 (Macintosh; Intel Mac OS X 10_13_5) AppleWebKit/605.1.15 (KHTML, like Gecko) Version/11.1.1 Safari/605.1.15
2018-07-02 09:31:21.308988 INFO Bob connected to http://my.website_2.com/path/number/2/?query=param_2&var=foo_2 it took 3187000 s and ended up with the 503 status code user agent used was Mozilla/5.0%2520(Windows%2520NT%25206.1;%2520Win64;%2520x64)%2520AppleWebKit/537.36%2520(KHTML,%2520like%2520Gecko)%2520Chrome/67.0.3396.99%2520Safari/537.36
2018-07-02 09:31:24.319327 DEBUG Alice connected to http://my.website_2.com/path/number/1/?query=param_1&var=foo_1 it took 6979000 s and ended up with the 403 status code user agent used was Mozilla/5.0%2520(Windows%2520NT%25206.1;%2520Win64;%2520x64)%2520AppleWebKit/537.36%2520(KHTML,%2520like%2520Gecko)%2520Chrome/67.0.3396.99%2520Safari/537.36
2018-07-02 09:31:27.324544 DEBUG Bob connected to http://my.website_1.com/path/number/3/?query=param_2&var=foo_1 it took 266000 s and ended up with the 504 status code user agent used was Mozilla/5.0%2520(X11;%2520Linux%2520x86_64;%2520rv:60.0)%2520Gecko/20100101%2520Firefox/60.0
2018-07-02 09:31:30.330295 ERROR Bob connected to http://my.website_1.com/path/number/3/?query=param_1&var=foo_2 it took 2528000 s and ended up with the 401 status code user agent used was Mozilla/5.0%2520(Windows%2520NT%25206.1;%2520Win64;%2520x64)%2520AppleWebKit/537.36%2520(KHTML,%2520like%2520Gecko)%2520Chrome/67.0.3396.99%2520Safari/537.36
2018-07-02 09:31:33.335316 WARN Bob connected to http://my.website_1.com/path/number/1/?query=param_1&var=foo_1 it took 2929000 s and ended up with the 401 status code user agent used was Mozilla/5.0%2520(X11;%2520Linux%2520x86_64;%2520rv:60.0)%2520Gecko/20100101%2520Firefox/60.0
2018-07-02 09:31:36.340168 DEBUG Alice connected to http://my.website_1.com/path/number/2/?query=param_2&var=foo_2 it took 5526000 s and ended up with the 403 status code user agent used was Mozilla/5.0 (Macintosh; Intel Mac OS X 10_13_5) AppleWebKit/605.1.15 (KHTML, like Gecko) Version/11.1.1 Safari/605.1.15
2018-07-02 09:31:39.344991 EMERGENCY Bob connected to http://my.website_1.com/path/number/3/?query=param_2&var=foo_1 it took 1218000 s and ended up with the 401 status code user agent used was Mozilla/5.0%2520(X11;%2520Linux%2520x86_64;%2520rv:60.0)%2520Gecko/20100101%2520Firefox/60.0
2018-07-02 09:31:42.349900 INFO Bob connected to http://my.website_1.com/path/number/3/?query=param_1&var=foo_2 it took 3447000 s and ended up with the 504 status code user agent used was Mozilla/5.0%2520(Windows%2520NT%25206.1;%2520Win64;%2520x64)%2520AppleWebKit/537.36%2520(KHTML,%2520like%2520Gecko)%2520Chrome/67.0.3396.99%2520Safari/537.36
2018-07-02 09:31:45.353231 CRITICAL Alice connected to http://my.website_1.com/path/number/1/?query=param_1&var=foo_1 it took 3602000 s and ended up with the 503 status code user agent used was Pingdom.com_bot_version_1.4_(http://www.pingdom.com/)
2018-07-02 09:31:48.359275 DEBUG Alice connected to http://my.website_2.com/path/number/3/?query=param_1&var=foo_2 it took 996000 s and ended up with the 503 status code user agent used was Mozilla/5.0 (Macintosh; Intel Mac OS X 10_13_5) AppleWebKit/605.1.15 (KHTML, like Gecko) Version/11.1.1 Safari/605.1.15
2018-07-02 09:31:51.364571 EMERGENCY Jane connected to http://my.website_2.com/path/number/3/?query=param_1&var=foo_2 it took 6398000 s and ended up with the 504 status code user agent used was Mozilla/5.0%2520(X11;%2520Linux%2520x86_64;%2520rv:60.0)%2520Gecko/20100101%2520Firefox/60.0
2018-07-02 09:31:54.369857 INFO John connected to http://my.website_1.com/path/number/3/?query=param_2&var=foo_1 it took 2006000 s and ended up with the 401 status code user agent used was Mozilla/5.0%2520(X11;%2520Linux%2520x86_64;%2520rv:60.0)%2520Gecko/20100101%2520Firefox/60.0
2018-07-02 09:31:57.373615 CRITICAL John connected to http://my.website_1.com/path/number/1/?query=param_1&var=foo_1 it took 201000 s and ended up with the 403 status code user agent used was Mozilla/5.0%2520(Windows%2520NT%25206.1;%2520Win64;%2520x64)%2520AppleWebKit/537.36%2520(KHTML,%2520like%2520Gecko)%2520Chrome/67.0.3396.99%2520Safari/537.36
2018-07-02 09:32:00.379218 DEBUG Jane connected to http://my.website_1.com/path/number/2/?query=param_2&var=foo_2 it took 8300000 s and ended up with the 500 status code user agent used was Mozilla/5.0%2520(Windows%2520NT%25206.1;%2520Win64;%2520x64)%2520AppleWebKit/537.36%2520(KHTML,%2520like%2520Gecko)%2520Chrome/67.0.3396.99%2520Safari/537.36
2018-07-02 09:32:03.384260 INFO John connected to http://my.website_1.com/path/number/3/?query=param_2&var=foo_1 it took 8468000 s and ended up with the 504 status code user agent used was Pingdom.com_bot_version_1.4_(http://www.pingdom.com/)
2018-07-02 09:32:06.390130 DEBUG Bob connected to http://my.website_2.com/path/number/1/?query=param_1&var=foo_1 it took 8594000 s and ended up with the 503 status code user agent used was Mozilla/5.0%2520(X11;%2520Linux%2520x86_64;%2520rv:60.0)%2520Gecko/20100101%2520Firefox/60.0
2018-07-02 09:32:09.395831 EMERGENCY John connected to http://my.website_2.com/path/number/2/?query=param_2&var=foo_2 it took 9561000 s and ended up with the 200 status code user agent used was Mozilla/5.0%2520(Windows%2520NT%25206.1;%2520Win64;%2520x64)%2520AppleWebKit/537.36%2520(KHTML,%2520like%2520Gecko)%2520Chrome/67.0.3396.99%2520Safari/537.36
2018-07-02 09:32:12.401291 CRITICAL John connected to http://my.website_1.com/path/number/3/?query=param_2&var=foo_1 it took 999000 s and ended up with the 200 status code user agent used was Mozilla/5.0%2520(Windows%2520NT%25206.1;%2520Win64;%2520x64)%2520AppleWebKit/537.36%2520(KHTML,%2520like%2520Gecko)%2520Chrome/67.0.3396.99%2520Safari/537.36
2018-07-02 09:32:15.406599 WARN Jane connected to http://my.website_1.com/path/number/1/?query=param_1&var=foo_1 it took 7948000 s and ended up with the 504 status code user agent used was Mozilla/5.0%2520(Windows%2520NT%25206.1;%2520Win64;%2520x64)%2520AppleWebKit/537.36%2520(KHTML,%2520like%2520Gecko)%2520Chrome/67.0.3396.99%2520Safari/537.36
2018-07-02 09:32:18.412012 WARN Jane connected to http://my.website_2.com/path/number/2/?query=param_2&var=foo_2 it took 6526000 s and ended up with the 504 status code user agent used was Mozilla/5.0 (Macintosh; Intel Mac OS X 10_13_5) AppleWebKit/605.1.15 (KHTML, like Gecko) Version/11.1.1 Safari/605.1.15
2018-07-02 09:32:21.417160 CRITICAL John connected to http://my.website_2.com/path/number/3/?query=param_2&var=foo_1 it took 9950000 s and ended up with the 404 status code user agent used was Mozilla/5.0 (Macintosh; Intel Mac OS X 10_13_5) AppleWebKit/605.1.15 (KHTML, like Gecko) Version/11.1.1 Safari/605.1.15
2018-07-02 09:32:24.422088 INFO John connected to http://my.website_2.com/path/number/3/?query=param_1&var=foo_2 it took 4557000 s and ended up with the 503 status code user agent used was Mozilla/5.0%2520(X11;%2520Linux%2520x86_64;%2520rv:60.0)%2520Gecko/20100101%2520Firefox/60.0
2018-07-02 09:32:27.427082 INFO John connected to http://my.website_1.com/path/number/3/?query=param_2&var=foo_1 it took 5592000 s and ended up with the 404 status code user agent used was Mozilla/5.0%2520(X11;%2520Linux%2520x86_64;%2520rv:60.0)%2520Gecko/20100101%2520Firefox/60.0
2018-07-02 09:32:30.433719 DEBUG Bob connected to http://my.website_2.com/path/number/1/?query=param_1&var=foo_1 it took 2413000 s and ended up with the 404 status code user agent used was Mozilla/5.0%2520(Windows%2520NT%25206.1;%2520Win64;%2520x64)%2520AppleWebKit/537.36%2520(KHTML,%2520like%2520Gecko)%2520Chrome/67.0.3396.99%2520Safari/537.36
2018-07-02 09:32:33.438796 WARN Alice connected to http://my.website_1.com/path/number/3/?query=param_1&var=foo_2 it took 3725000 s and ended up with the 403 status code user agent used was Mozilla/5.0 (Macintosh; Intel Mac OS X 10_13_5) AppleWebKit/605.1.15 (KHTML, like Gecko) Version/11.1.1 Safari/605.1.15
2018-07-02 09:32:36.443762 INFO Bob connected to http://my.website_2.com/path/number/2/?query=param_2&var=foo_2 it took 5324000 s and ended up with the 401 status code user agent used was Mozilla/5.0%2520(Windows%2520NT%25206.1;%2520Win64;%2520x64)%2520AppleWebKit/537.36%2520(KHTML,%2520like%2520Gecko)%2520Chrome/67.0.3396.99%2520Safari/537.36
2018-07-02 09:32:39.449015 DEBUG Bob connected to http://my.website_1.com/path/number/3/?query=param_1&var=foo_2 it took 7017000 s and ended up with the 403 status code user agent used was Mozilla/5.0 (Macintosh; Intel Mac OS X 10_13_5) AppleWebKit/605.1.15 (KHTML, like Gecko) Version/11.1.1 Safari/605.1.15
2018-07-02 09:32:42.453222 EMERGENCY Jane connected to http://my.website_1.com/path/number/3/?query=param_1&var=foo_2 it took 4084000 s and ended up with the 500 status code user agent used was Mozilla/5.0 (Macintosh; Intel Mac OS X 10_13_5) AppleWebKit/605.1.15 (KHTML, like Gecko) Version/11.1.1 Safari/605.1.15
2018-07-02 09:32:45.458675 ERROR Bob connected to http://my.website_1.com/path/number/3/?query=param_2&var=foo_1 it took 7778000 s and ended up with the 404 status code user agent used was Mozilla/5.0 (Macintosh; Intel Mac OS X 10_13_5) AppleWebKit/605.1.15 (KHTML, like Gecko) Version/11.1.1 Safari/605.1.15
2018-07-02 09:32:48.465436 WARN Bob connected to http://my.website_1.com/path/number/2/?query=param_2&var=foo_2 it took 8185000 s and ended up with the 503 status code user agent used was Mozilla/5.0 (Macintosh; Intel Mac OS X 10_13_5) AppleWebKit/605.1.15 (KHTML, like Gecko) Version/11.1.1 Safari/605.1.15
2018-07-02 09:32:51.469346 ERROR Bob connected to http://my.website_1.com/path/number/1/?query=param_1&var=foo_1 it took 533000 s and ended up with the 200 status code user agent used was Mozilla/5.0%2520(Windows%2520NT%25206.1;%2520Win64;%2520x64)%2520AppleWebKit/537.36%2520(KHTML,%2520like%2520Gecko)%2520Chrome/67.0.3396.99%2520Safari/537.36
2018-07-02 09:32:54.473531 DEBUG Bob connected to http://my.website_1.com/path/number/1/?query=param_1&var=foo_1 it took 1242000 s and ended up with the 200 status code user agent used was Pingdom.com_bot_version_1.4_(http://www.pingdom.com/)
2018-07-02 09:32:57.478720 INFO John connected to http://my.website_2.com/path/number/3/?query=param_2&var=foo_1 it took 420000 s and ended up with the 503 status code user agent used was Mozilla/5.0 (Macintosh; Intel Mac OS X 10_13_5) AppleWebKit/605.1.15 (KHTML, like Gecko) Version/11.1.1 Safari/605.1.15
2018-07-02 09:33:00.481300 WARN Bob connected to http://my.website_2.com/path/number/3/?query=param_1&var=foo_2 it took 9810000 s and ended up with the 504 status code user agent used was Mozilla/5.0 (Macintosh; Intel Mac OS X 10_13_5) AppleWebKit/605.1.15 (KHTML, like Gecko) Version/11.1.1 Safari/605.1.15
2018-07-02 09:33:03.486716 INFO Bob connected to http://my.website_1.com/path/number/3/?query=param_2&var=foo_1 it took 327000 s and ended up with the 401 status code user agent used was Mozilla/5.0%2520(X11;%2520Linux%2520x86_64;%2520rv:60.0)%2520Gecko/20100101%2520Firefox/60.0
2018-07-02 09:33:06.492549 EMERGENCY Jane connected to http://my.website_2.com/path/number/2/?query=param_2&var=foo_2 it took 4632000 s and ended up with the 504 status code user agent used was Mozilla/5.0%2520(X11;%2520Linux%2520x86_64;%2520rv:60.0)%2520Gecko/20100101%2520Firefox/60.0
2018-07-02 09:33:09.497725 WARN Bob connected to http://my.website_2.com/path/number/3/?query=param_1&var=foo_2 it took 6585000 s and ended up with the 404 status code user agent used was Mozilla/5.0%2520(Windows%2520NT%25206.1;%2520Win64;%2520x64)%2520AppleWebKit/537.36%2520(KHTML,%2520like%2520Gecko)%2520Chrome/67.0.3396.99%2520Safari/537.36
2018-07-02 09:33:12.504643 CRITICAL Alice connected to http://my.website_2.com/path/number/3/?query=param_2&var=foo_1 it took 5724000 s and ended up with the 503 status code user agent used was Mozilla/5.0%2520(Windows%2520NT%25206.1;%2520Win64;%2520x64)%2520AppleWebKit/537.36%2520(KHTML,%2520like%2520Gecko)%2520Chrome/67.0.3396.99%2520Safari/537.36
2018-07-02 09:33:15.510138 EMERGENCY Alice connected to http://my.website_1.com/path/number/1/?query=param_1&var=foo_1 it took 1273000 s and ended up with the 503 status code user agent used was Mozilla/5.0%2520(X11;%2520Linux%2520x86_64;%2520rv:60.0)%2520Gecko/20100101%2520Firefox/60.0
2018-07-02 09:33:18.517282 CRITICAL Alice connected to http://my.website_1.com/path/number/1/?query=param_1&var=foo_1 it took 2441000 s and ended up with the 503 status code user agent used was Mozilla/5.0%2520(X11;%2520Linux%2520x86_64;%2520rv:60.0)%2520Gecko/20100101%2520Firefox/60.0
2018-07-02 09:33:21.524208 DEBUG Alice connected to http://my.website_1.com/path/number/3/?query=param_2&var=foo_1 it took 4492000 s and ended up with the 200 status code user agent used was Mozilla/5.0%2520(Windows%2520NT%25206.1;%2520Win64;%2520x64)%2520AppleWebKit/537.36%2520(KHTML,%2520like%2520Gecko)%2520Chrome/67.0.3396.99%2520Safari/537.36
2018-07-02 09:33:24.529054 CRITICAL Jane connected to http://my.website_2.com/path/number/3/?query=param_2&var=foo_1 it took 4374000 s and ended up with the 200 status code user agent used was Mozilla/5.0%2520(Windows%2520NT%25206.1;%2520Win64;%2520x64)%2520AppleWebKit/537.36%2520(KHTML,%2520like%2520Gecko)%2520Chrome/67.0.3396.99%2520Safari/537.36
